
  .   ____          _            __ _ _
 /\\ / ___'_ __ _ _(_)_ __  __ _ \ \ \ \
( ( )\___ | '_ | '_| | '_ \/ _` | \ \ \ \
 \\/  ___)| |_)| | | | | || (_| |  ) ) ) )
  '  |____| .__|_| |_|_| |_\__, | / / / /
 =========|_|==============|___/=/_/_/_/

 :: Spring Boot ::                (v3.4.4)

2026-06-30T08:34:43.200-05:00  INFO 10912 --- [ecommerce-gas] [           main] c.gassolutions.GasSolutionsApplication   : Starting GasSolutionsApplication v0.0.1-SNAPSHOT using Java 21.0.11 with PID 10912 (C:\Users\Admin\Desktop\kiro pro\ecommerce-gas\backend\target\ecommerce-gas-0.0.1-SNAPSHOT.jar started by Admin in C:\Users\Admin\Desktop\kiro pro\ecommerce-gas\backend)
2026-06-30T08:34:43.216-05:00  INFO 10912 --- [ecommerce-gas] [           main] c.gassolutions.GasSolutionsApplication   : No active profile set, falling back to 1 default profile: "default"
2026-06-30T08:34:45.288-05:00  INFO 10912 --- [ecommerce-gas] [           main] .s.d.r.c.RepositoryConfigurationDelegate : Bootstrapping Spring Data JPA repositories in DEFAULT mode.
2026-06-30T08:34:45.408-05:00  INFO 10912 --- [ecommerce-gas] [           main] .s.d.r.c.RepositoryConfigurationDelegate : Finished Spring Data repository scanning in 101 ms. Found 5 JPA repository interfaces.
2026-06-30T08:34:46.822-05:00  INFO 10912 --- [ecommerce-gas] [           main] o.s.b.w.embedded.tomcat.TomcatWebServer  : Tomcat initialized with port 8080 (http)
2026-06-30T08:34:46.854-05:00  INFO 10912 --- [ecommerce-gas] [           main] o.apache.catalina.core.StandardService   : Starting service [Tomcat]
2026-06-30T08:34:46.854-05:00  INFO 10912 --- [ecommerce-gas] [           main] o.apache.catalina.core.StandardEngine    : Starting Servlet engine: [Apache Tomcat/10.1.39]
2026-06-30T08:34:46.916-05:00  INFO 10912 --- [ecommerce-gas] [           main] o.a.c.c.C.[Tomcat].[localhost].[/]       : Initializing Spring embedded WebApplicationContext
2026-06-30T08:34:46.932-05:00  INFO 10912 --- [ecommerce-gas] [           main] w.s.c.ServletWebServerApplicationContext : Root WebApplicationContext: initialization completed in 3590 ms
2026-06-30T08:34:47.311-05:00  INFO 10912 --- [ecommerce-gas] [           main] o.hibernate.jpa.internal.util.LogHelper  : HHH000204: Processing PersistenceUnitInfo [name: default]
2026-06-30T08:34:47.498-05:00  INFO 10912 --- [ecommerce-gas] [           main] org.hibernate.Version                    : HHH000412: Hibernate ORM core version 6.6.11.Final
2026-06-30T08:34:47.565-05:00  INFO 10912 --- [ecommerce-gas] [           main] o.h.c.internal.RegionFactoryInitiator    : HHH000026: Second-level cache disabled
2026-06-30T08:34:48.302-05:00  INFO 10912 --- [ecommerce-gas] [           main] o.s.o.j.p.SpringPersistenceUnitInfo      : No LoadTimeWeaver setup: ignoring JPA class transformer
2026-06-30T08:34:48.368-05:00  INFO 10912 --- [ecommerce-gas] [           main] com.zaxxer.hikari.HikariDataSource       : HikariPool-1 - Starting...
2026-06-30T08:34:48.864-05:00  INFO 10912 --- [ecommerce-gas] [           main] com.zaxxer.hikari.pool.HikariPool        : HikariPool-1 - Added connection conn0: url=jdbc:h2:file:./data/gassolutions user=SA
2026-06-30T08:34:48.867-05:00  INFO 10912 --- [ecommerce-gas] [           main] com.zaxxer.hikari.HikariDataSource       : HikariPool-1 - Start completed.
2026-06-30T08:34:48.997-05:00  INFO 10912 --- [ecommerce-gas] [           main] org.hibernate.orm.connections.pooling    : HHH10001005: Database info:
	Database JDBC URL [Connecting through datasource 'HikariDataSource (HikariPool-1)']
	Database driver: undefined/unknown
	Database version: 2.3.232
	Autocommit mode: undefined/unknown
	Isolation level: undefined/unknown
	Minimum pool size: undefined/unknown
	Maximum pool size: undefined/unknown
2026-06-30T08:34:50.598-05:00  INFO 10912 --- [ecommerce-gas] [           main] o.h.e.t.j.p.i.JtaPlatformInitiator       : HHH000489: No JTA platform available (set 'hibernate.transaction.jta.platform' to enable JTA platform integration)
2026-06-30T08:34:50.687-05:00  INFO 10912 --- [ecommerce-gas] [           main] j.LocalContainerEntityManagerFactoryBean : Initialized JPA EntityManagerFactory for persistence unit 'default'
2026-06-30T08:34:51.465-05:00  INFO 10912 --- [ecommerce-gas] [           main] o.s.d.j.r.query.QueryEnhancerFactory     : Hibernate is in classpath; If applicable, HQL parser will be used.
2026-06-30T08:34:52.911-05:00  WARN 10912 --- [ecommerce-gas] [           main] JpaBaseConfiguration$JpaWebConfiguration : spring.jpa.open-in-view is enabled by default. Therefore, database queries may be performed during view rendering. Explicitly configure spring.jpa.open-in-view to disable this warning
2026-06-30T08:34:52.962-05:00  WARN 10912 --- [ecommerce-gas] [           main] .s.s.UserDetailsServiceAutoConfiguration : 

Using generated security password: f7144c4b-55ab-4ade-bc68-d93c3ed8010a

This generated password is for development use only. Your security configuration must be updated before running your application in production.

2026-06-30T08:34:52.981-05:00  INFO 10912 --- [ecommerce-gas] [           main] r$InitializeUserDetailsManagerConfigurer : Global AuthenticationManager configured with UserDetailsService bean with name inMemoryUserDetailsManager
2026-06-30T08:34:54.066-05:00  INFO 10912 --- [ecommerce-gas] [           main] o.s.b.a.h2.H2ConsoleAutoConfiguration    : H2 console available at '/h2-console'. Database available at 'jdbc:h2:file:./data/gassolutions'
2026-06-30T08:34:54.227-05:00  INFO 10912 --- [ecommerce-gas] [           main] o.s.b.w.embedded.tomcat.TomcatWebServer  : Tomcat started on port 8080 (http) with context path '/'
2026-06-30T08:34:54.258-05:00  INFO 10912 --- [ecommerce-gas] [           main] c.gassolutions.GasSolutionsApplication   : Started GasSolutionsApplication in 12.062 seconds (process running for 13.202)
2026-06-30T08:37:00.857-05:00  INFO 10912 --- [ecommerce-gas] [nio-8080-exec-1] o.a.c.c.C.[Tomcat].[localhost].[/]       : Initializing Spring DispatcherServlet 'dispatcherServlet'
2026-06-30T08:37:00.859-05:00  INFO 10912 --- [ecommerce-gas] [nio-8080-exec-1] o.s.web.servlet.DispatcherServlet        : Initializing Servlet 'dispatcherServlet'
2026-06-30T08:37:00.865-05:00  INFO 10912 --- [ecommerce-gas] [nio-8080-exec-1] o.s.web.servlet.DispatcherServlet        : Completed initialization in 5 ms
